# JRE version: Java(TM) SE Runtime Environment (8.0_45-b14) (build 1.8.0_45-b14)
# Java VM: Java HotSpot(TM) 64-Bit Server VM (25.45-b02 mixed mode bsd-amd64 compressed oops)
Heap:
 PSYoungGen      total 107008K, used 84896K [0x00000007a0000000, 0x00000007a7200000, 0x00000007c0000000)
  eden space 98304K, 86% used [0x00000007a0000000,0x00000007a52e8170,0x00000007a6000000)
  from space 8704K, 0% used [0x00000007a6980000,0x00000007a6980000,0x00000007a7200000)
  to   space 9216K, 0% used [0x00000007a6000000,0x00000007a6000000,0x00000007a6900000)
 ParOldGen       total 50176K, used 8333K [0x0000000760000000, 0x0000000763100000, 0x00000007a0000000)
  object space 50176K, 16% used [0x0000000760000000,0x0000000760823590,0x0000000763100000)
 Metaspace       used 27982K, capacity 28428K, committed 28672K, reserved 1073152K
  class space    used 4871K, capacity 5005K, committed 5120K, reserved 1048576K
GC Heap History (10 events):
Event: 1.760 GC heap before
{Heap before GC invocations=3 (full 0):
 PSYoungGen      total 28672K, used 28651K [0x00000007a0000000, 0x00000007a2000000, 0x00000007c0000000)
  eden space 24576K, 100% used [0x00000007a0000000,0x00000007a1800000,0x00000007a1800000)
  from space 4096K, 99% used [0x00000007a1c00000,0x00000007a1ffaf68,0x00000007a2000000)
  to   space 4096K, 0% used [0x00000007a1800000,0x00000007a1800000,0x00000007a1c00000)
 ParOldGen       total 65536K, used 357K [0x0000000760000000, 0x0000000764000000, 0x00000007a0000000)
  object space 65536K, 0% used [0x0000000760000000,0x0000000760059418,0x0000000764000000)
 Metaspace       used 13354K, capacity 13420K, committed 13696K, reserved 1060864K
  class space    used 2629K, capacity 2640K, committed 2688K, reserved 1048576K
Event: 1.766 GC heap after
Heap after GC invocations=3 (full 0):
 PSYoungGen      total 28672K, used 4084K [0x00000007a0000000, 0x00000007a3800000, 0x00000007c0000000)
  eden space 24576K, 0% used [0x00000007a0000000,0x00000007a0000000,0x00000007a1800000)
  from space 4096K, 99% used [0x00000007a1800000,0x00000007a1bfd368,0x00000007a1c00000)
  to   space 4096K, 0% used [0x00000007a3400000,0x00000007a3400000,0x00000007a3800000)
 ParOldGen       total 65536K, used 1451K [0x0000000760000000, 0x0000000764000000, 0x00000007a0000000)
  object space 65536K, 2% used [0x0000000760000000,0x000000076016afa0,0x0000000764000000)
 Metaspace       used 13354K, capacity 13420K, committed 13696K, reserved 1060864K
  class space    used 2629K, capacity 2640K, committed 2688K, reserved 1048576K
}
Event: 2.323 GC heap before
{Heap before GC invocations=4 (full 0):
 PSYoungGen      total 28672K, used 28660K [0x00000007a0000000, 0x00000007a3800000, 0x00000007c0000000)
  eden space 24576K, 100% used [0x00000007a0000000,0x00000007a1800000,0x00000007a1800000)
  from space 4096K, 99% used [0x00000007a1800000,0x00000007a1bfd368,0x00000007a1c00000)
  to   space 4096K, 0% used [0x00000007a3400000,0x00000007a3400000,0x00000007a3800000)
 ParOldGen       total 65536K, used 1451K [0x0000000760000000, 0x0000000764000000, 0x00000007a0000000)
  object space 65536K, 2% used [0x0000000760000000,0x000000076016afa0,0x0000000764000000)
 Metaspace       used 16624K, capacity 16658K, committed 16768K, reserved 1062912K
  class space    used 3429K, capacity 3441K, committed 3456K, reserved 1048576K
Event: 2.332 GC heap after
Heap after GC invocations=4 (full 0):
 PSYoungGen      total 53248K, used 4069K [0x00000007a0000000, 0x00000007a3800000, 0x00000007c0000000)
  eden space 49152K, 0% used [0x00000007a0000000,0x00000007a0000000,0x00000007a3000000)
  from space 4096K, 99% used [0x00000007a3400000,0x00000007a37f9490,0x00000007a3800000)
  to   space 4096K, 0% used [0x00000007a3000000,0x00000007a3000000,0x00000007a3400000)
 ParOldGen       total 65536K, used 3879K [0x0000000760000000, 0x0000000764000000, 0x00000007a0000000)
  object space 65536K, 5% used [0x0000000760000000,0x00000007603c9f18,0x0000000764000000)
 Metaspace       used 16624K, capacity 16658K, committed 16768K, reserved 1062912K
  class space    used 3429K, capacity 3441K, committed 3456K, reserved 1048576K
}
Event: 3.367 GC heap before
{Heap before GC invocations=5 (full 0):
 PSYoungGen      total 53248K, used 53221K [0x00000007a0000000, 0x00000007a3800000, 0x00000007c0000000)
  eden space 49152K, 100% used [0x00000007a0000000,0x00000007a3000000,0x00000007a3000000)
  from space 4096K, 99% used [0x00000007a3400000,0x00000007a37f9490,0x00000007a3800000)
  to   space 4096K, 0% used [0x00000007a3000000,0x00000007a3000000,0x00000007a3400000)
 ParOldGen       total 65536K, used 3879K [0x0000000760000000, 0x0000000764000000, 0x00000007a0000000)
  object space 65536K, 5% used [0x0000000760000000,0x00000007603c9f18,0x0000000764000000)
 Metaspace       used 20197K, capacity 20344K, committed 20736K, reserved 1067008K
  class space    used 3945K, capacity 3986K, committed 4096K, reserved 1048576K
Event: 3.415 GC heap after
Heap after GC invocations=5 (full 0):
 PSYoungGen      total 53248K, used 4085K [0x00000007a0000000, 0x00000007a7300000, 0x00000007c0000000)
  eden space 49152K, 0% used [0x00000007a0000000,0x00000007a0000000,0x00000007a3000000)
  from space 4096K, 99% used [0x00000007a3000000,0x00000007a33fd480,0x00000007a3400000)
  to   space 9728K, 0% used [0x00000007a6980000,0x00000007a6980000,0x00000007a7300000)
 ParOldGen       total 65536K, used 9280K [0x0000000760000000, 0x0000000764000000, 0x00000007a0000000)
  object space 65536K, 14% used [0x0000000760000000,0x0000000760910118,0x0000000764000000)
 Metaspace       used 20197K, capacity 20344K, committed 20736K, reserved 1067008K
  class space    used 3945K, capacity 3986K, committed 4096K, reserved 1048576K
}
Event: 3.655 GC heap before
{Heap before GC invocations=6 (full 0):
 PSYoungGen      total 53248K, used 13893K [0x00000007a0000000, 0x00000007a7300000, 0x00000007c0000000)
  eden space 49152K, 19% used [0x00000007a0000000,0x00000007a0993f98,0x00000007a3000000)
  from space 4096K, 99% used [0x00000007a3000000,0x00000007a33fd480,0x00000007a3400000)
  to   space 9728K, 0% used [0x00000007a6980000,0x00000007a6980000,0x00000007a7300000)
 ParOldGen       total 65536K, used 9280K [0x0000000760000000, 0x0000000764000000, 0x00000007a0000000)
  object space 65536K, 14% used [0x0000000760000000,0x0000000760910118,0x0000000764000000)
 Metaspace       used 20988K, capacity 21080K, committed 21296K, reserved 1067008K
  class space    used 4117K, capacity 4146K, committed 4224K, reserved 1048576K
Event: 3.664 GC heap after
Heap after GC invocations=6 (full 0):
 PSYoungGen      total 107008K, used 5669K [0x00000007a0000000, 0x00000007a7200000, 0x00000007c0000000)
  eden space 98304K, 0% used [0x00000007a0000000,0x00000007a0000000,0x00000007a6000000)
  from space 8704K, 65% used [0x00000007a6980000,0x00000007a6f097d0,0x00000007a7200000)
  to   space 9216K, 0% used [0x00000007a6000000,0x00000007a6000000,0x00000007a6900000)
 ParOldGen       total 65536K, used 9288K [0x0000000760000000, 0x0000000764000000, 0x00000007a0000000)
  object space 65536K, 14% used [0x0000000760000000,0x0000000760912118,0x0000000764000000)
 Metaspace       used 20988K, capacity 21080K, committed 21296K, reserved 1067008K
  class space    used 4117K, capacity 4146K, committed 4224K, reserved 1048576K
}
Event: 3.664 GC heap before
{Heap before GC invocations=7 (full 1):
 PSYoungGen      total 107008K, used 5669K [0x00000007a0000000, 0x00000007a7200000, 0x00000007c0000000)
  eden space 98304K, 0% used [0x00000007a0000000,0x00000007a0000000,0x00000007a6000000)
  from space 8704K, 65% used [0x00000007a6980000,0x00000007a6f097d0,0x00000007a7200000)
  to   space 9216K, 0% used [0x00000007a6000000,0x00000007a6000000,0x00000007a6900000)
 ParOldGen       total 65536K, used 9288K [0x0000000760000000, 0x0000000764000000, 0x00000007a0000000)
  object space 65536K, 14% used [0x0000000760000000,0x0000000760912118,0x0000000764000000)
 Metaspace       used 20988K, capacity 21080K, committed 21296K, reserved 1067008K
  class space    used 4117K, capacity 4146K, committed 4224K, reserved 1048576K
Event: 3.740 GC heap after
Heap after GC invocations=7 (full 1):
 PSYoungGen      total 107008K, used 0K [0x00000007a0000000, 0x00000007a7200000, 0x00000007c0000000)
  eden space 98304K, 0% used [0x00000007a0000000,0x00000007a0000000,0x00000007a6000000)
  from space 8704K, 0% used [0x00000007a6980000,0x00000007a6980000,0x00000007a7200000)
  to   space 9216K, 0% used [0x00000007a6000000,0x00000007a6000000,0x00000007a6900000)
 ParOldGen       total 50176K, used 8333K [0x0000000760000000, 0x0000000763100000, 0x00000007a0000000)
  object space 50176K, 16% used [0x0000000760000000,0x0000000760823590,0x0000000763100000)
 Metaspace       used 20988K, capacity 21080K, committed 21296K, reserved 1067008K
  class space    used 4117K, capacity 4146K, committed 4224K, reserved 1048576K
}

