# JRE version: Java(TM) SE Runtime Environment (8.0_45-b14) (build 1.8.0_45-b14)
# Java VM: Java HotSpot(TM) 64-Bit Server VM (25.45-b02 mixed mode bsd-amd64 compressed oops)
Heap:
 PSYoungGen      total 28672K, used 5405K [0x00000007a0000000, 0x00000007a2000000, 0x00000007c0000000)
  eden space 24576K, 5% used [0x00000007a0000000,0x00000007a014a138,0x00000007a1800000)
  from space 4096K, 99% used [0x00000007a1c00000,0x00000007a1ffd578,0x00000007a2000000)
  to   space 4096K, 0% used [0x00000007a1800000,0x00000007a1800000,0x00000007a1c00000)
 ParOldGen       total 65536K, used 8493K [0x0000000760000000, 0x0000000764000000, 0x00000007a0000000)
  object space 65536K, 12% used [0x0000000760000000,0x000000076084b630,0x0000000764000000)
 Metaspace       used 5847K, capacity 5936K, committed 6144K, reserved 1056768K
  class space    used 700K, capacity 720K, committed 768K, reserved 1048576K
GC Heap History (4 events):
Event: 20.471 GC heap before
{Heap before GC invocations=1 (full 0):
 PSYoungGen      total 28672K, used 24576K [0x00000007a0000000, 0x00000007a2000000, 0x00000007c0000000)
  eden space 24576K, 100% used [0x00000007a0000000,0x00000007a1800000,0x00000007a1800000)
  from space 4096K, 0% used [0x00000007a1c00000,0x00000007a1c00000,0x00000007a2000000)
  to   space 4096K, 0% used [0x00000007a1800000,0x00000007a1800000,0x00000007a1c00000)
 ParOldGen       total 65536K, used 0K [0x0000000760000000, 0x0000000764000000, 0x00000007a0000000)
  object space 65536K, 0% used [0x0000000760000000,0x0000000760000000,0x0000000764000000)
 Metaspace       used 5805K, capacity 5872K, committed 6144K, reserved 1056768K
  class space    used 698K, capacity 720K, committed 768K, reserved 1048576K
Event: 20.479 GC heap after
Heap after GC invocations=1 (full 0):
 PSYoungGen      total 28672K, used 4071K [0x00000007a0000000, 0x00000007a2000000, 0x00000007c0000000)
  eden space 24576K, 0% used [0x00000007a0000000,0x00000007a0000000,0x00000007a1800000)
  from space 4096K, 99% used [0x00000007a1800000,0x00000007a1bf9d88,0x00000007a1c00000)
  to   space 4096K, 0% used [0x00000007a1c00000,0x00000007a1c00000,0x00000007a2000000)
 ParOldGen       total 65536K, used 3025K [0x0000000760000000, 0x0000000764000000, 0x00000007a0000000)
  object space 65536K, 4% used [0x0000000760000000,0x00000007602f4488,0x0000000764000000)
 Metaspace       used 5805K, capacity 5872K, committed 6144K, reserved 1056768K
  class space    used 698K, capacity 720K, committed 768K, reserved 1048576K
}
Event: 500.279 GC heap before
{Heap before GC invocations=2 (full 0):
 PSYoungGen      total 28672K, used 28472K [0x00000007a0000000, 0x00000007a2000000, 0x00000007c0000000)
  eden space 24576K, 99% used [0x00000007a0000000,0x00000007a17d4318,0x00000007a1800000)
  from space 4096K, 99% used [0x00000007a1800000,0x00000007a1bf9d88,0x00000007a1c00000)
  to   space 4096K, 0% used [0x00000007a1c00000,0x00000007a1c00000,0x00000007a2000000)
 ParOldGen       total 65536K, used 3025K [0x0000000760000000, 0x0000000764000000, 0x00000007a0000000)
  object space 65536K, 4% used [0x0000000760000000,0x00000007602f4488,0x0000000764000000)
 Metaspace       used 5816K, capacity 5872K, committed 6144K, reserved 1056768K
  class space    used 698K, capacity 720K, committed 768K, reserved 1048576K
Event: 500.285 GC heap after
Heap after GC invocations=2 (full 0):
 PSYoungGen      total 28672K, used 4085K [0x00000007a0000000, 0x00000007a2000000, 0x00000007c0000000)
  eden space 24576K, 0% used [0x00000007a0000000,0x00000007a0000000,0x00000007a1800000)
  from space 4096K, 99% used [0x00000007a1c00000,0x00000007a1ffd578,0x00000007a2000000)
  to   space 4096K, 0% used [0x00000007a1800000,0x00000007a1800000,0x00000007a1c00000)
 ParOldGen       total 65536K, used 8493K [0x0000000760000000, 0x0000000764000000, 0x00000007a0000000)
  object space 65536K, 12% used [0x0000000760000000,0x000000076084b630,0x0000000764000000)
 Metaspace       used 5816K, capacity 5872K, committed 6144K, reserved 1056768K
  class space    used 698K, capacity 720K, committed 768K, reserved 1048576K
}

